<?xml version="1.0" encoding="UTF-8"?>
<!-- Generated by org.testng.reporters.JUnitXMLReporter -->
<testsuite ignored="8" hostname="Patel-G" failures="0" tests="0" time="0.006" errors="0" timestamp="2024-06-18T12:56:18 IST">
  <testcase classname="com.crm.BaseClass.Utility.BaseClass" name="@BeforeSuite configBeforeSuite" time="0.0">
    <ignored/>
  </testcase> <!-- @BeforeSuite configBeforeSuite -->
  <testcase classname="com.crm.comcast.testng.createContactTest.CreateContactTest2" name="createContactWithOrgTest" time="0.0">
    <ignored/>
  </testcase> <!-- createContactWithOrgTest -->
  <testcase classname="com.crm.comcast.testng.createOrgTest.CreateOrgTest1" name="CreateOrgWithPhoneNumberTest" time="0.0">
    <ignored/>
  </testcase> <!-- CreateOrgWithPhoneNumberTest -->
  <testcase classname="com.crm.comcast.testng.createOrgTest.CreateOrgTest1" name="createOrgWithInsdustryAndTypeTest" time="0.0">
    <ignored/>
  </testcase> <!-- createOrgWithInsdustryAndTypeTest -->
  <testcase classname="com.crm.BaseClass.Utility.BaseClass" name="@AfterSuite configAfterSuite" time="0.0">
    <ignored/>
  </testcase> <!-- @AfterSuite configAfterSuite -->
  <testcase classname="com.crm.comcast.testng.createContactTest.CreateContactTest2" name="CreateContactWithSupportDate" time="0.0">
    <ignored/>
  </testcase> <!-- CreateContactWithSupportDate -->
  <testcase classname="com.crm.comcast.testng.createOrgTest.CreateOrgTest1" name="createOrgTest" time="0.0">
    <ignored/>
  </testcase> <!-- createOrgTest -->
  <testcase classname="com.crm.comcast.testng.createContactTest.CreateContactTest2" name="createContactTest" time="0.0">
    <ignored/>
  </testcase> <!-- createContactTest -->
</testsuite>
