<?xml version="1.0" encoding="UTF-8"?>
<!-- Generated by org.testng.reporters.JUnitXMLReporter -->
<testsuite ignored="4" hostname="Patel-G" failures="0" tests="6" name="Contact module Test === Edge" time="98.997" errors="0" timestamp="2024-06-19T11:55:01 IST">
  <testcase classname="com.crm.comcast.testng.createContactTest.CreateContactTest2" name="CreateContactWithSupportDate" time="17.829"/>
  <testcase classname="com.crm.comcast.testng.createOrgTest.CreateOrgTest1" name="CreateOrgWithPhoneNumberTest" time="18.267"/>
  <testcase classname="com.crm.comcast.testng.createOrgTest.CreateOrgTest1" name="createOrgTest" time="16.844"/>
  <testcase classname="com.crm.comcast.testng.createContactTest.CreateContactTest2" name="createContactTest" time="17.041"/>
  <testcase classname="com.crm.comcast.testng.createOrgTest.CreateOrgTest1" name="createOrgWithInsdustryAndTypeTest" time="18.873"/>
  <testcase classname="com.crm.comcast.testng.createContactTest.CreateContactTest2" name="createContactWithOrgTest" time="38.22"/>
  <testcase classname="com.crm.BaseClass.Utility.BaseClass" name="@BeforeSuite configBeforeSuite" time="0.0">
    <ignored/>
  </testcase> <!-- @BeforeSuite configBeforeSuite -->
  <testcase classname="com.crm.BaseClass.Utility.BaseClass" name="@AfterTest configAfterTest" time="0.0">
    <ignored/>
  </testcase> <!-- @AfterTest configAfterTest -->
  <testcase classname="com.crm.BaseClass.Utility.BaseClass" name="@AfterSuite configAfterSuite" time="0.0">
    <ignored/>
  </testcase> <!-- @AfterSuite configAfterSuite -->
  <testcase classname="com.crm.BaseClass.Utility.BaseClass" name="@BeforeTest configBeforeTest" time="0.0">
    <ignored/>
  </testcase> <!-- @BeforeTest configBeforeTest -->
</testsuite> <!-- Contact module Test === Edge -->
