<?xml version="1.0" encoding="UTF-8"?>
<!-- Generated by org.testng.reporters.JUnitXMLReporter -->
<testsuite ignored="4" hostname="Patel-G" failures="0" tests="6" name="Org module Test===Firefox" time="96.936" errors="0" timestamp="2024-06-19T11:54:59 IST">
  <testcase classname="com.crm.comcast.testng.createContactTest.CreateContactTest2" name="CreateContactWithSupportDate" time="17.735"/>
  <testcase classname="com.crm.comcast.testng.createOrgTest.CreateOrgTest1" name="CreateOrgWithPhoneNumberTest" time="19.547"/>
  <testcase classname="com.crm.comcast.testng.createContactTest.CreateContactTest2" name="createContactTest" time="16.298"/>
  <testcase classname="com.crm.comcast.testng.createOrgTest.CreateOrgTest1" name="createOrgTest" time="15.822"/>
  <testcase classname="com.crm.comcast.testng.createOrgTest.CreateOrgTest1" name="createOrgWithInsdustryAndTypeTest" time="19.517"/>
  <testcase classname="com.crm.comcast.testng.createContactTest.CreateContactTest2" name="createContactWithOrgTest" time="38.801"/>
  <testcase classname="com.crm.BaseClass.Utility.BaseClass" name="@BeforeSuite configBeforeSuite" time="0.0">
    <ignored/>
  </testcase> <!-- @BeforeSuite configBeforeSuite -->
  <testcase classname="com.crm.BaseClass.Utility.BaseClass" name="@AfterTest configAfterTest" time="0.0">
    <ignored/>
  </testcase> <!-- @AfterTest configAfterTest -->
  <testcase classname="com.crm.BaseClass.Utility.BaseClass" name="@AfterSuite configAfterSuite" time="0.0">
    <ignored/>
  </testcase> <!-- @AfterSuite configAfterSuite -->
  <testcase classname="com.crm.BaseClass.Utility.BaseClass" name="@BeforeTest configBeforeTest" time="0.0">
    <ignored/>
  </testcase> <!-- @BeforeTest configBeforeTest -->
</testsuite> <!-- Org module Test===Firefox -->
