<?xml version="1.0" encoding="UTF-8"?>
<!-- Generated by org.testng.reporters.JUnitReportReporter -->
<testsuite hostname="Patel-G" failures="0" tests="2" name="configAnnotation.configAnnotationsTestNG" time="0.011" errors="0" timestamp="2024-06-13T15:37:14 IST" skipped="0">
  <testcase classname="configAnnotation.configAnnotationsTestNG" name="testCase1" time="0.008"/>
  <system-out/>
  <testcase classname="configAnnotation.configAnnotationsTestNG" name="testCase2" time="0.003"/>
  <system-out/>
</testsuite> <!-- configAnnotation.configAnnotationsTestNG -->
