<?xml version="1.0" encoding="UTF-8"?>
<!-- Generated by org.testng.reporters.JUnitReportReporter -->
<testsuite hostname="Patel-G" failures="0" tests="2" name="com.crm.comcast.testng.createContactTest.createContactTest" time="0.013" errors="0" timestamp="2024-06-24T12:08:54 IST" skipped="0">
  <testcase classname="com.crm.comcast.testng.createContactTest.createContactTest" name="createContactWithOrgTest" time="0.003"/>
  <system-out/>
  <testcase classname="com.crm.comcast.testng.createContactTest.createContactTest" name="createContactTest" time="0.010"/>
  <system-out/>
</testsuite> <!-- com.crm.comcast.testng.createContactTest.createContactTest -->
