<?xml version="1.0" encoding="UTF-8"?>
<!-- Generated by org.testng.reporters.JUnitReportReporter -->
<testsuite hostname="Patel-G" failures="0" tests="1" name="practice.testng.getProductInfo_DP_Gen" time="0.000" errors="0" timestamp="2024-06-20T17:18:34 IST" skipped="1">
  <testcase classname="practice.testng.getProductInfo_DP_Gen" name="dataproviderTest" time="0.000">
    <skipped/>
  </testcase> <!-- dataproviderTest -->
  <system-out/>
</testsuite> <!-- practice.testng.getProductInfo_DP_Gen -->
