<?xml version="1.0" encoding="UTF-8"?>
<!-- Generated by org.testng.reporters.JUnitReportReporter -->
<testsuite hostname="Patel-G" failures="0" tests="3" name="practice.testng.getProductInfoUsingDataProvoderTest" time="56.960" errors="0" timestamp="2024-06-24T22:02:05 IST" skipped="0">
  <testcase classname="practice.testng.getProductInfoUsingDataProvoderTest" name="dataproviderTest" time="18.409"/>
  <system-out/>
  <testcase classname="practice.testng.getProductInfoUsingDataProvoderTest" name="dataproviderTest" time="12.586"/>
  <system-out/>
  <testcase classname="practice.testng.getProductInfoUsingDataProvoderTest" name="dataproviderTest" time="25.965"/>
  <system-out/>
</testsuite> <!-- practice.testng.getProductInfoUsingDataProvoderTest -->
