<?xml version="1.0" encoding="UTF-8"?>
<!-- Generated by org.testng.reporters.JUnitReportReporter -->
<testsuite hostname="Patel-G" failures="0" tests="2" name="AdvanceReporting.advanceReportingTest2" time="0.018" errors="0" timestamp="2024-06-24T11:56:11 IST" skipped="0">
  <testcase classname="AdvanceReporting.advanceReportingTest2" name="OrganizationWithNumberTest" time="0.002"/>
  <system-out/>
  <testcase classname="AdvanceReporting.advanceReportingTest2" name="OrganizationTest" time="0.016"/>
  <system-out/>
</testsuite> <!-- AdvanceReporting.advanceReportingTest2 -->
