<?xml version="1.0" encoding="UTF-8"?>
<!-- Generated by org.testng.reporters.JUnitReportReporter -->
<testsuite hostname="Patel-G" failures="0" tests="3" name="practice.testng.readFromDataProvide" time="0.097" errors="0" timestamp="2024-06-19T17:05:23 IST" skipped="0">
  <testcase classname="practice.testng.readFromDataProvide" name="dataproviderTest" time="0.089"/>
  <system-out/>
  <testcase classname="practice.testng.readFromDataProvide" name="dataproviderTest" time="0.006"/>
  <system-out/>
  <testcase classname="practice.testng.readFromDataProvide" name="dataproviderTest" time="0.002"/>
  <system-out/>
</testsuite> <!-- practice.testng.readFromDataProvide -->
