<?xml version="1.0" encoding="UTF-8"?>
<!-- Generated by org.testng.reporters.JUnitReportReporter -->
<testsuite hostname="Patel-G" failures="0" tests="3" name="practice.testng.withoutPriorityTestNGtest" time="0.028" errors="0" timestamp="2024-06-12T10:11:25 IST" skipped="0">
  <testcase classname="practice.testng.withoutPriorityTestNGtest" name="modifyContactTest" time="0.024"/>
  <system-out/>
  <testcase classname="practice.testng.withoutPriorityTestNGtest" name="createContactTest" time="0.002"/>
  <system-out/>
  <testcase classname="practice.testng.withoutPriorityTestNGtest" name="deleteContactTest" time="0.002"/>
  <system-out/>
</testsuite> <!-- practice.testng.withoutPriorityTestNGtest -->
