<?xml version="1.0" encoding="UTF-8"?>
<!-- Generated by org.testng.reporters.JUnitReportReporter -->
<testsuite hostname="Patel-G" failures="0" tests="2" name="com.crm.comcast.testng.createOrgTest.createOrgTest" time="0.012" errors="0" timestamp="2024-06-15T10:28:01 IST" skipped="0">
  <testcase classname="com.crm.comcast.testng.createOrgTest.createOrgTest" name="createOrgTest" time="0.010"/>
  <system-out/>
  <testcase classname="com.crm.comcast.testng.createOrgTest.createOrgTest" name="createOrgWithIndustryTest" time="0.002"/>
  <system-out/>
</testsuite> <!-- com.crm.comcast.testng.createOrgTest.createOrgTest -->
