<?xml version="1.0" encoding="UTF-8"?>
<!-- Generated by org.testng.reporters.JUnitReportReporter -->
<testsuite hostname="Patel-G" failures="0" tests="2" name="practice.testng.simpleTestNGtest" time="0.038" errors="0" timestamp="2024-06-24T15:59:19 IST" skipped="0">
  <testcase classname="practice.testng.simpleTestNGtest" name="createContactTest" time="0.011"/>
  <system-out/>
  <testcase classname="practice.testng.simpleTestNGtest" name="createContactWithOrgTest" time="0.027"/>
  <system-out/>
</testsuite> <!-- practice.testng.simpleTestNGtest -->
