<?xml version="1.0" encoding="UTF-8"?>
<!-- Generated by org.testng.reporters.JUnitReportReporter -->
<testsuite hostname="Patel-G" failures="0" tests="3" name="practice.testng.priorityTestNGtest" time="0.024" errors="0" timestamp="2024-06-11T21:54:57 IST" skipped="0">
  <testcase classname="practice.testng.priorityTestNGtest" name="createContactTest" time="0.021"/>
  <system-out/>
  <testcase classname="practice.testng.priorityTestNGtest" name="deleteContactTest" time="0.001"/>
  <system-out/>
  <testcase classname="practice.testng.priorityTestNGtest" name="modifyContactTest" time="0.002"/>
  <system-out/>
</testsuite> <!-- practice.testng.priorityTestNGtest -->
