<?xml version="1.0" encoding="UTF-8"?>
<!-- Generated by org.testng.reporters.JUnitXMLReporter -->
<testsuite ignored="2" hostname="Patel-G" failures="0" tests="6" name="Full regression Test" time="114.82" errors="0" timestamp="2024-06-17T12:28:14 IST">
  <testcase classname="com.crm.comcast.testng.createContactTest.CreateContactTest2" name="CreateContactWithSupportDate" time="11.684"/>
  <testcase classname="com.crm.comcast.testng.createContactTest.CreateContactTest2" name="createContactTest" time="9.855"/>
  <testcase classname="com.crm.comcast.testng.createContactTest.CreateContactTest2" name="createContactWithOrg" time="27.155"/>
  <testcase classname="com.crm.comcast.testng.createOrgTest.CreateOrgTest1" name="CreateOrgWithPhoneNumberTest" time="11.009"/>
  <testcase classname="com.crm.comcast.testng.createOrgTest.CreateOrgTest1" name="createOrgTest" time="9.806"/>
  <testcase classname="com.crm.comcast.testng.createOrgTest.CreateOrgTest1" name="createOrgWithInsdustryAndTypeTest" time="10.189"/>
  <testcase classname="com.crm.BaseClass.Utility.BaseClass" name="@BeforeSuite configBeforeSuite" time="0.0">
    <ignored/>
  </testcase> <!-- @BeforeSuite configBeforeSuite -->
  <testcase classname="com.crm.BaseClass.Utility.BaseClass" name="@AfterSuite configAfterSuite" time="0.0">
    <ignored/>
  </testcase> <!-- @AfterSuite configAfterSuite -->
</testsuite> <!-- Full regression Test -->
