<?xml version="1.0" encoding="UTF-8"?>
<!-- Generated by org.testng.reporters.JUnitXMLReporter -->
<testsuite ignored="8" hostname="Patel-G" failures="0" tests="2" name="Smoke Test" time="39.625" errors="0" timestamp="2024-06-18T17:04:43 IST">
  <testcase classname="com.crm.comcast.testng.createContactTest.CreateContactTest2" name="createContactTest" time="11.538"/>
  <testcase classname="com.crm.comcast.testng.createOrgTest.CreateOrgTest1" name="createOrgTest" time="13.053"/>
  <testcase classname="com.crm.BaseClass.Utility.BaseClass" name="@BeforeSuite configBeforeSuite" time="0.0">
    <ignored/>
  </testcase> <!-- @BeforeSuite configBeforeSuite -->
  <testcase classname="com.crm.comcast.testng.createContactTest.CreateContactTest2" name="createContactWithOrgTest" time="0.0">
    <ignored/>
  </testcase> <!-- createContactWithOrgTest -->
  <testcase classname="com.crm.comcast.testng.createOrgTest.CreateOrgTest1" name="CreateOrgWithPhoneNumberTest" time="0.0">
    <ignored/>
  </testcase> <!-- CreateOrgWithPhoneNumberTest -->
  <testcase classname="com.crm.comcast.testng.createOrgTest.CreateOrgTest1" name="createOrgWithInsdustryAndTypeTest" time="0.0">
    <ignored/>
  </testcase> <!-- createOrgWithInsdustryAndTypeTest -->
  <testcase classname="com.crm.BaseClass.Utility.BaseClass" name="@AfterTest configAfterTest" time="0.0">
    <ignored/>
  </testcase> <!-- @AfterTest configAfterTest -->
  <testcase classname="com.crm.BaseClass.Utility.BaseClass" name="@AfterSuite configAfterSuite" time="0.0">
    <ignored/>
  </testcase> <!-- @AfterSuite configAfterSuite -->
  <testcase classname="com.crm.comcast.testng.createContactTest.CreateContactTest2" name="CreateContactWithSupportDate" time="0.0">
    <ignored/>
  </testcase> <!-- CreateContactWithSupportDate -->
  <testcase classname="com.crm.BaseClass.Utility.BaseClass" name="@BeforeTest configBeforeTest" time="0.0">
    <ignored/>
  </testcase> <!-- @BeforeTest configBeforeTest -->
</testsuite> <!-- Smoke Test -->
